Log from 10/29 deadline: 
=============================================================== 
Checker passed. Start with 2.0 points.
================================
Queen input passes
Passed HW2-tests/queen-input.txt
Score is now 6.0
=============================================
Error in output generation. Your program is wrong on a test case. Specifically, mismatch at line 0
In output file, ./avarelji/HW2/my_output.txt, generated by your program, line is: k y

In correct output file, line is: k n

Final score
6

=============================================================== 
Log from 11/10 deadline: 
=============================================================== 
Checker passed. Start with 2.0 points.
=================================
Queen input passes
Passed HW2-tests/queen-input.txt
Score is now 6.0
=============================================
No knight input passes
Passed HW2-tests/no-knight-input.txt
Score is now 8.0
=============================================
Error in output generation. Your program is wrong on a test case. Specifically, mismatch at line 0
In output file, ../../student-repos-Nov12/avarelji/HW2/my_output.txt, generated by your program, line is: n n

In correct output file, line is: n y


 There should be a test file (it's name is probably my_test.txt). That is the test case that failed.
Final score
8

=============================================================== 
New final score 
7.0
